<?xml version="1.0" encoding="UTF-8"?>
<testng-results skipped="0" failed="0" total="1" passed="1">
  <reporter-output>
  </reporter-output>
  <suite name="Default suite" duration-ms="19758" started-at="2018-04-06T11:16:38Z" finished-at="2018-04-06T11:16:58Z">
    <groups>
    </groups>
    <test name="Default test" duration-ms="19758" started-at="2018-04-06T11:16:38Z" finished-at="2018-04-06T11:16:58Z">
      <class name="com.FreeCrm.PageFactory.VerifyLoginPage">
        <test-method status="PASS" signature="VerifyLoginTest()[pri:0, instance:com.FreeCrm.PageFactory.VerifyLoginPage@18be83e4]" name="VerifyLoginTest" duration-ms="19740" started-at="2018-04-06T16:46:38Z" finished-at="2018-04-06T16:46:58Z">
          <reporter-output>
          </reporter-output>
        </test-method> <!-- VerifyLoginTest -->
      </class> <!-- com.FreeCrm.PageFactory.VerifyLoginPage -->
    </test> <!-- Default test -->
  </suite> <!-- Default suite -->
</testng-results>
