<?xml version="1.0" encoding="UTF-8"?>
<!-- Generated by org.testng.reporters.JUnitXMLReporter -->
<testsuite hostname="SML-0687" name="Default test" tests="2" failures="0" timestamp="13 Dec 2018 17:12:48 GMT" time="0.053" errors="0">
  <testcase name="testcase2" time="0.017" classname="handlersPlus.SkipExceptionExample">
    <skipped/>
  </testcase> <!-- testcase2 -->
  <testcase name="testcase3" time="0.005" classname="handlersPlus.SkipExceptionExample">
    <skipped/>
  </testcase> <!-- testcase3 -->
</testsuite> <!-- Default test -->
